2023-12-29 15:31:23,934 - DEBUG - Not in REPL -> leaving logger event level as is.
2023-12-29 15:31:24,958 - DEBUG - PostGeneration: Calling srcs_chat.tests.factories.usersChats(<Chat: Chat object (1)>, <BuildStep for <StepBuilder(<DjangoOptions for ChatFactory>, strategy='create')>>, value_provided=False, value=None, extra={})
2023-12-29 15:31:24,958 - DEBUG - PostGeneration: Calling srcs_chat.tests.factories.create_users(<Chat: Chat object (1)>, <BuildStep for <StepBuilder(<DjangoOptions for ChatFactory>, strategy='create')>>, value_provided=False, value=None, extra={})
2023-12-29 15:31:24,958 - DEBUG - Looking for locale `en_US` in provider `faker.providers.address`.
2023-12-29 15:31:24,959 - DEBUG - Provider `faker.providers.address` has been localized to `en_US`.
2023-12-29 15:31:24,960 - DEBUG - Looking for locale `en_US` in provider `faker.providers.automotive`.
2023-12-29 15:31:24,961 - DEBUG - Provider `faker.providers.automotive` has been localized to `en_US`.
2023-12-29 15:31:24,961 - DEBUG - Looking for locale `en_US` in provider `faker.providers.bank`.
2023-12-29 15:31:24,962 - DEBUG - Specified locale `en_US` is not available for provider `faker.providers.bank`. Locale reset to `en_GB` for this provider.
2023-12-29 15:31:24,962 - DEBUG - Looking for locale `en_US` in provider `faker.providers.barcode`.
2023-12-29 15:31:24,962 - DEBUG - Provider `faker.providers.barcode` has been localized to `en_US`.
2023-12-29 15:31:24,963 - DEBUG - Looking for locale `en_US` in provider `faker.providers.color`.
2023-12-29 15:31:24,963 - DEBUG - Provider `faker.providers.color` has been localized to `en_US`.
2023-12-29 15:31:24,963 - DEBUG - Looking for locale `en_US` in provider `faker.providers.company`.
2023-12-29 15:31:24,964 - DEBUG - Provider `faker.providers.company` has been localized to `en_US`.
2023-12-29 15:31:24,964 - DEBUG - Looking for locale `en_US` in provider `faker.providers.credit_card`.
2023-12-29 15:31:24,964 - DEBUG - Provider `faker.providers.credit_card` has been localized to `en_US`.
2023-12-29 15:31:24,965 - DEBUG - Looking for locale `en_US` in provider `faker.providers.currency`.
2023-12-29 15:31:24,965 - DEBUG - Provider `faker.providers.currency` has been localized to `en_US`.
2023-12-29 15:31:24,965 - DEBUG - Looking for locale `en_US` in provider `faker.providers.date_time`.
2023-12-29 15:31:24,966 - DEBUG - Provider `faker.providers.date_time` has been localized to `en_US`.
2023-12-29 15:31:24,966 - DEBUG - Provider `faker.providers.emoji` does not feature localization. Specified locale `en_US` is not utilized for this provider.
2023-12-29 15:31:24,966 - DEBUG - Provider `faker.providers.file` does not feature localization. Specified locale `en_US` is not utilized for this provider.
2023-12-29 15:31:24,966 - DEBUG - Looking for locale `en_US` in provider `faker.providers.geo`.
2023-12-29 15:31:24,966 - DEBUG - Provider `faker.providers.geo` has been localized to `en_US`.
2023-12-29 15:31:24,967 - DEBUG - Looking for locale `en_US` in provider `faker.providers.internet`.
2023-12-29 15:31:24,967 - DEBUG - Provider `faker.providers.internet` has been localized to `en_US`.
2023-12-29 15:31:24,968 - DEBUG - Provider `faker.providers.isbn` does not feature localization. Specified locale `en_US` is not utilized for this provider.
2023-12-29 15:31:24,968 - DEBUG - Looking for locale `en_US` in provider `faker.providers.job`.
2023-12-29 15:31:24,968 - DEBUG - Provider `faker.providers.job` has been localized to `en_US`.
2023-12-29 15:31:24,968 - DEBUG - Looking for locale `en_US` in provider `faker.providers.lorem`.
2023-12-29 15:31:24,969 - DEBUG - Provider `faker.providers.lorem` has been localized to `en_US`.
2023-12-29 15:31:24,970 - DEBUG - Looking for locale `en_US` in provider `faker.providers.misc`.
2023-12-29 15:31:24,970 - DEBUG - Provider `faker.providers.misc` has been localized to `en_US`.
2023-12-29 15:31:24,970 - DEBUG - Looking for locale `en_US` in provider `faker.providers.passport`.
2023-12-29 15:31:24,970 - DEBUG - Provider `faker.providers.passport` has been localized to `en_US`.
2023-12-29 15:31:24,971 - DEBUG - Looking for locale `en_US` in provider `faker.providers.person`.
2023-12-29 15:31:24,972 - DEBUG - Provider `faker.providers.person` has been localized to `en_US`.
2023-12-29 15:31:24,973 - DEBUG - Looking for locale `en_US` in provider `faker.providers.phone_number`.
2023-12-29 15:31:24,974 - DEBUG - Provider `faker.providers.phone_number` has been localized to `en_US`.
2023-12-29 15:31:24,974 - DEBUG - Provider `faker.providers.profile` does not feature localization. Specified locale `en_US` is not utilized for this provider.
2023-12-29 15:31:24,974 - DEBUG - Provider `faker.providers.python` does not feature localization. Specified locale `en_US` is not utilized for this provider.
2023-12-29 15:31:24,974 - DEBUG - Provider `faker.providers.sbn` does not feature localization. Specified locale `en_US` is not utilized for this provider.
2023-12-29 15:31:24,975 - DEBUG - Looking for locale `en_US` in provider `faker.providers.ssn`.
2023-12-29 15:31:24,975 - DEBUG - Provider `faker.providers.ssn` has been localized to `en_US`.
2023-12-29 15:31:24,976 - DEBUG - Provider `faker.providers.user_agent` does not feature localization. Specified locale `en_US` is not utilized for this provider.
2023-12-29 15:31:24,976 - DEBUG - LazyAttribute: Evaluating <function UserFactory.<lambda> at 0x7f42e663f5e0> on <Resolver for <BuildStep for <StepBuilder(<DjangoOptions for UserFactory>, strategy='create')>>>
2023-12-29 15:31:24,976 - DEBUG - LazyAttribute: Evaluating <function UserFactory.<lambda> at 0x7f42e664e700> on <Resolver for <BuildStep for <StepBuilder(<DjangoOptions for UserFactory>, strategy='create')>>>
2023-12-29 15:31:24,978 - DEBUG - LazyAttribute: Evaluating <function UserFactory.<lambda> at 0x7f42e663f5e0> on <Resolver for <BuildStep for <StepBuilder(<DjangoOptions for UserFactory>, strategy='create')>>>
2023-12-29 15:31:24,979 - DEBUG - LazyAttribute: Evaluating <function UserFactory.<lambda> at 0x7f42e664e700> on <Resolver for <BuildStep for <StepBuilder(<DjangoOptions for UserFactory>, strategy='create')>>>
2023-12-29 15:31:25,190 - DEBUG - PostGeneration: Calling srcs_chat.tests.factories.usersChats(<Chat: Chat object (1)>, <BuildStep for <StepBuilder(<DjangoOptions for ChatFactory>, strategy='create')>>, value_provided=False, value=None, extra={})
2023-12-29 15:31:25,190 - DEBUG - PostGeneration: Calling srcs_chat.tests.factories.create_users(<Chat: Chat object (1)>, <BuildStep for <StepBuilder(<DjangoOptions for ChatFactory>, strategy='create')>>, value_provided=False, value=None, extra={})
2023-12-29 15:31:25,191 - DEBUG - LazyAttribute: Evaluating <function UserFactory.<lambda> at 0x7f42e663f5e0> on <Resolver for <BuildStep for <StepBuilder(<DjangoOptions for UserFactory>, strategy='create')>>>
2023-12-29 15:31:25,191 - DEBUG - LazyAttribute: Evaluating <function UserFactory.<lambda> at 0x7f42e664e700> on <Resolver for <BuildStep for <StepBuilder(<DjangoOptions for UserFactory>, strategy='create')>>>
2023-12-29 15:31:25,193 - DEBUG - LazyAttribute: Evaluating <function UserFactory.<lambda> at 0x7f42e663f5e0> on <Resolver for <BuildStep for <StepBuilder(<DjangoOptions for UserFactory>, strategy='create')>>>
2023-12-29 15:31:25,193 - DEBUG - LazyAttribute: Evaluating <function UserFactory.<lambda> at 0x7f42e664e700> on <Resolver for <BuildStep for <StepBuilder(<DjangoOptions for UserFactory>, strategy='create')>>>
2023-12-29 15:31:25,402 - DEBUG - PostGeneration: Calling srcs_chat.tests.factories.usersChats(<Chat: Chat object (1)>, <BuildStep for <StepBuilder(<DjangoOptions for ChatFactory>, strategy='create')>>, value_provided=False, value=None, extra={})
2023-12-29 15:31:25,402 - DEBUG - PostGeneration: Calling srcs_chat.tests.factories.create_users(<Chat: Chat object (1)>, <BuildStep for <StepBuilder(<DjangoOptions for ChatFactory>, strategy='create')>>, value_provided=False, value=None, extra={})
2023-12-29 15:31:25,403 - DEBUG - LazyAttribute: Evaluating <function UserFactory.<lambda> at 0x7f42e663f5e0> on <Resolver for <BuildStep for <StepBuilder(<DjangoOptions for UserFactory>, strategy='create')>>>
2023-12-29 15:31:25,403 - DEBUG - LazyAttribute: Evaluating <function UserFactory.<lambda> at 0x7f42e664e700> on <Resolver for <BuildStep for <StepBuilder(<DjangoOptions for UserFactory>, strategy='create')>>>
2023-12-29 15:31:25,405 - DEBUG - LazyAttribute: Evaluating <function UserFactory.<lambda> at 0x7f42e663f5e0> on <Resolver for <BuildStep for <StepBuilder(<DjangoOptions for UserFactory>, strategy='create')>>>
2023-12-29 15:31:25,405 - DEBUG - LazyAttribute: Evaluating <function UserFactory.<lambda> at 0x7f42e664e700> on <Resolver for <BuildStep for <StepBuilder(<DjangoOptions for UserFactory>, strategy='create')>>>
2023-12-29 15:31:25,623 - DEBUG - PostGeneration: Calling srcs_chat.tests.factories.usersChats(<Chat: Chat object (1)>, <BuildStep for <StepBuilder(<DjangoOptions for ChatFactory>, strategy='create')>>, value_provided=False, value=None, extra={})
2023-12-29 15:31:25,623 - DEBUG - PostGeneration: Calling srcs_chat.tests.factories.create_users(<Chat: Chat object (1)>, <BuildStep for <StepBuilder(<DjangoOptions for ChatFactory>, strategy='create')>>, value_provided=False, value=None, extra={})
2023-12-29 15:31:25,624 - DEBUG - LazyAttribute: Evaluating <function UserFactory.<lambda> at 0x7f42e663f5e0> on <Resolver for <BuildStep for <StepBuilder(<DjangoOptions for UserFactory>, strategy='create')>>>
2023-12-29 15:31:25,624 - DEBUG - LazyAttribute: Evaluating <function UserFactory.<lambda> at 0x7f42e664e700> on <Resolver for <BuildStep for <StepBuilder(<DjangoOptions for UserFactory>, strategy='create')>>>
2023-12-29 15:31:25,626 - DEBUG - LazyAttribute: Evaluating <function UserFactory.<lambda> at 0x7f42e663f5e0> on <Resolver for <BuildStep for <StepBuilder(<DjangoOptions for UserFactory>, strategy='create')>>>
2023-12-29 15:31:25,626 - DEBUG - LazyAttribute: Evaluating <function UserFactory.<lambda> at 0x7f42e664e700> on <Resolver for <BuildStep for <StepBuilder(<DjangoOptions for UserFactory>, strategy='create')>>>
2023-12-29 15:31:25,633 - DEBUG - LazyAttribute: Evaluating <function UserFactory.<lambda> at 0x7f42e663f5e0> on <Resolver for <BuildStep for <StepBuilder(<DjangoOptions for UserFactory>, strategy='create')>>>
2023-12-29 15:31:25,633 - DEBUG - LazyAttribute: Evaluating <function UserFactory.<lambda> at 0x7f42e664e700> on <Resolver for <BuildStep for <StepBuilder(<DjangoOptions for UserFactory>, strategy='create')>>>
2023-12-29 15:31:25,852 - DEBUG - PostGeneration: Calling srcs_chat.tests.factories.usersChats(<Chat: Chat object (1)>, <BuildStep for <StepBuilder(<DjangoOptions for ChatFactory>, strategy='create')>>, value_provided=False, value=None, extra={})
2023-12-29 15:31:25,852 - DEBUG - PostGeneration: Calling srcs_chat.tests.factories.create_users(<Chat: Chat object (1)>, <BuildStep for <StepBuilder(<DjangoOptions for ChatFactory>, strategy='create')>>, value_provided=False, value=None, extra={})
2023-12-29 15:31:25,852 - DEBUG - LazyAttribute: Evaluating <function UserFactory.<lambda> at 0x7f42e663f5e0> on <Resolver for <BuildStep for <StepBuilder(<DjangoOptions for UserFactory>, strategy='create')>>>
2023-12-29 15:31:25,853 - DEBUG - LazyAttribute: Evaluating <function UserFactory.<lambda> at 0x7f42e664e700> on <Resolver for <BuildStep for <StepBuilder(<DjangoOptions for UserFactory>, strategy='create')>>>
2023-12-29 15:31:25,854 - DEBUG - LazyAttribute: Evaluating <function UserFactory.<lambda> at 0x7f42e663f5e0> on <Resolver for <BuildStep for <StepBuilder(<DjangoOptions for UserFactory>, strategy='create')>>>
2023-12-29 15:31:25,855 - DEBUG - LazyAttribute: Evaluating <function UserFactory.<lambda> at 0x7f42e664e700> on <Resolver for <BuildStep for <StepBuilder(<DjangoOptions for UserFactory>, strategy='create')>>>
2023-12-29 15:31:25,860 - DEBUG - LazyAttribute: Evaluating <function UserFactory.<lambda> at 0x7f42e663f5e0> on <Resolver for <BuildStep for <StepBuilder(<DjangoOptions for UserFactory>, strategy='create')>>>
2023-12-29 15:31:25,860 - DEBUG - LazyAttribute: Evaluating <function UserFactory.<lambda> at 0x7f42e664e700> on <Resolver for <BuildStep for <StepBuilder(<DjangoOptions for UserFactory>, strategy='create')>>>
2023-12-29 15:31:25,862 - DEBUG - LazyAttribute: Evaluating <function UserFactory.<lambda> at 0x7f42e663f5e0> on <Resolver for <BuildStep for <StepBuilder(<DjangoOptions for UserFactory>, strategy='create')>>>
2023-12-29 15:31:25,862 - DEBUG - LazyAttribute: Evaluating <function UserFactory.<lambda> at 0x7f42e664e700> on <Resolver for <BuildStep for <StepBuilder(<DjangoOptions for UserFactory>, strategy='create')>>>
2023-12-29 15:31:25,864 - DEBUG - LazyAttribute: Evaluating <function UserFactory.<lambda> at 0x7f42e663f5e0> on <Resolver for <BuildStep for <StepBuilder(<DjangoOptions for UserFactory>, strategy='create')>>>
2023-12-29 15:31:25,864 - DEBUG - LazyAttribute: Evaluating <function UserFactory.<lambda> at 0x7f42e664e700> on <Resolver for <BuildStep for <StepBuilder(<DjangoOptions for UserFactory>, strategy='create')>>>
2023-12-29 15:31:25,865 - DEBUG - LazyAttribute: Evaluating <function UserFactory.<lambda> at 0x7f42e663f5e0> on <Resolver for <BuildStep for <StepBuilder(<DjangoOptions for UserFactory>, strategy='create')>>>
2023-12-29 15:31:25,866 - DEBUG - LazyAttribute: Evaluating <function UserFactory.<lambda> at 0x7f42e664e700> on <Resolver for <BuildStep for <StepBuilder(<DjangoOptions for UserFactory>, strategy='create')>>>
2023-12-29 15:31:25,867 - DEBUG - LazyAttribute: Evaluating <function UserFactory.<lambda> at 0x7f42e663f5e0> on <Resolver for <BuildStep for <StepBuilder(<DjangoOptions for UserFactory>, strategy='create')>>>
2023-12-29 15:31:25,867 - DEBUG - LazyAttribute: Evaluating <function UserFactory.<lambda> at 0x7f42e664e700> on <Resolver for <BuildStep for <StepBuilder(<DjangoOptions for UserFactory>, strategy='create')>>>
2023-12-29 15:31:26,118 - DEBUG - PostGeneration: Calling srcs_chat.tests.factories.usersChats(<Chat: Chat object (1)>, <BuildStep for <StepBuilder(<DjangoOptions for ChatFactory>, strategy='create')>>, value_provided=False, value=None, extra={})
2023-12-29 15:31:26,118 - DEBUG - PostGeneration: Calling srcs_chat.tests.factories.create_users(<Chat: Chat object (1)>, <BuildStep for <StepBuilder(<DjangoOptions for ChatFactory>, strategy='create')>>, value_provided=False, value=None, extra={})
2023-12-29 15:31:26,119 - DEBUG - LazyAttribute: Evaluating <function UserFactory.<lambda> at 0x7f42e663f5e0> on <Resolver for <BuildStep for <StepBuilder(<DjangoOptions for UserFactory>, strategy='create')>>>
2023-12-29 15:31:26,119 - DEBUG - LazyAttribute: Evaluating <function UserFactory.<lambda> at 0x7f42e664e700> on <Resolver for <BuildStep for <StepBuilder(<DjangoOptions for UserFactory>, strategy='create')>>>
2023-12-29 15:31:26,121 - DEBUG - LazyAttribute: Evaluating <function UserFactory.<lambda> at 0x7f42e663f5e0> on <Resolver for <BuildStep for <StepBuilder(<DjangoOptions for UserFactory>, strategy='create')>>>
2023-12-29 15:31:26,121 - DEBUG - LazyAttribute: Evaluating <function UserFactory.<lambda> at 0x7f42e664e700> on <Resolver for <BuildStep for <StepBuilder(<DjangoOptions for UserFactory>, strategy='create')>>>
2023-12-29 15:35:33,582 - DEBUG - Not in REPL -> leaving logger event level as is.
2023-12-29 15:35:34,589 - DEBUG - PostGeneration: Calling srcs_chat.tests.factories.usersChats(<Chat: Chat object (1)>, <BuildStep for <StepBuilder(<DjangoOptions for ChatFactory>, strategy='create')>>, value_provided=False, value=None, extra={})
2023-12-29 15:35:34,589 - DEBUG - PostGeneration: Calling srcs_chat.tests.factories.create_users(<Chat: Chat object (1)>, <BuildStep for <StepBuilder(<DjangoOptions for ChatFactory>, strategy='create')>>, value_provided=False, value=None, extra={})
2023-12-29 15:35:34,589 - DEBUG - Looking for locale `en_US` in provider `faker.providers.address`.
2023-12-29 15:35:34,590 - DEBUG - Provider `faker.providers.address` has been localized to `en_US`.
2023-12-29 15:35:34,591 - DEBUG - Looking for locale `en_US` in provider `faker.providers.automotive`.
2023-12-29 15:35:34,592 - DEBUG - Provider `faker.providers.automotive` has been localized to `en_US`.
2023-12-29 15:35:34,592 - DEBUG - Looking for locale `en_US` in provider `faker.providers.bank`.
2023-12-29 15:35:34,593 - DEBUG - Specified locale `en_US` is not available for provider `faker.providers.bank`. Locale reset to `en_GB` for this provider.
2023-12-29 15:35:34,593 - DEBUG - Looking for locale `en_US` in provider `faker.providers.barcode`.
2023-12-29 15:35:34,593 - DEBUG - Provider `faker.providers.barcode` has been localized to `en_US`.
2023-12-29 15:35:34,594 - DEBUG - Looking for locale `en_US` in provider `faker.providers.color`.
2023-12-29 15:35:34,594 - DEBUG - Provider `faker.providers.color` has been localized to `en_US`.
2023-12-29 15:35:34,594 - DEBUG - Looking for locale `en_US` in provider `faker.providers.company`.
2023-12-29 15:35:34,595 - DEBUG - Provider `faker.providers.company` has been localized to `en_US`.
2023-12-29 15:35:34,595 - DEBUG - Looking for locale `en_US` in provider `faker.providers.credit_card`.
2023-12-29 15:35:34,595 - DEBUG - Provider `faker.providers.credit_card` has been localized to `en_US`.
2023-12-29 15:35:34,595 - DEBUG - Looking for locale `en_US` in provider `faker.providers.currency`.
2023-12-29 15:35:34,596 - DEBUG - Provider `faker.providers.currency` has been localized to `en_US`.
2023-12-29 15:35:34,596 - DEBUG - Looking for locale `en_US` in provider `faker.providers.date_time`.
2023-12-29 15:35:34,597 - DEBUG - Provider `faker.providers.date_time` has been localized to `en_US`.
2023-12-29 15:35:34,597 - DEBUG - Provider `faker.providers.emoji` does not feature localization. Specified locale `en_US` is not utilized for this provider.
2023-12-29 15:35:34,597 - DEBUG - Provider `faker.providers.file` does not feature localization. Specified locale `en_US` is not utilized for this provider.
2023-12-29 15:35:34,597 - DEBUG - Looking for locale `en_US` in provider `faker.providers.geo`.
2023-12-29 15:35:34,598 - DEBUG - Provider `faker.providers.geo` has been localized to `en_US`.
2023-12-29 15:35:34,598 - DEBUG - Looking for locale `en_US` in provider `faker.providers.internet`.
2023-12-29 15:35:34,598 - DEBUG - Provider `faker.providers.internet` has been localized to `en_US`.
2023-12-29 15:35:34,599 - DEBUG - Provider `faker.providers.isbn` does not feature localization. Specified locale `en_US` is not utilized for this provider.
2023-12-29 15:35:34,599 - DEBUG - Looking for locale `en_US` in provider `faker.providers.job`.
2023-12-29 15:35:34,599 - DEBUG - Provider `faker.providers.job` has been localized to `en_US`.
2023-12-29 15:35:34,599 - DEBUG - Looking for locale `en_US` in provider `faker.providers.lorem`.
2023-12-29 15:35:34,600 - DEBUG - Provider `faker.providers.lorem` has been localized to `en_US`.
2023-12-29 15:35:34,601 - DEBUG - Looking for locale `en_US` in provider `faker.providers.misc`.
2023-12-29 15:35:34,601 - DEBUG - Provider `faker.providers.misc` has been localized to `en_US`.
2023-12-29 15:35:34,601 - DEBUG - Looking for locale `en_US` in provider `faker.providers.passport`.
2023-12-29 15:35:34,601 - DEBUG - Provider `faker.providers.passport` has been localized to `en_US`.
2023-12-29 15:35:34,601 - DEBUG - Looking for locale `en_US` in provider `faker.providers.person`.
2023-12-29 15:35:34,602 - DEBUG - Provider `faker.providers.person` has been localized to `en_US`.
2023-12-29 15:35:34,603 - DEBUG - Looking for locale `en_US` in provider `faker.providers.phone_number`.
2023-12-29 15:35:34,604 - DEBUG - Provider `faker.providers.phone_number` has been localized to `en_US`.
2023-12-29 15:35:34,604 - DEBUG - Provider `faker.providers.profile` does not feature localization. Specified locale `en_US` is not utilized for this provider.
2023-12-29 15:35:34,605 - DEBUG - Provider `faker.providers.python` does not feature localization. Specified locale `en_US` is not utilized for this provider.
2023-12-29 15:35:34,605 - DEBUG - Provider `faker.providers.sbn` does not feature localization. Specified locale `en_US` is not utilized for this provider.
2023-12-29 15:35:34,605 - DEBUG - Looking for locale `en_US` in provider `faker.providers.ssn`.
2023-12-29 15:35:34,605 - DEBUG - Provider `faker.providers.ssn` has been localized to `en_US`.
2023-12-29 15:35:34,606 - DEBUG - Provider `faker.providers.user_agent` does not feature localization. Specified locale `en_US` is not utilized for this provider.
2023-12-29 15:35:34,606 - DEBUG - LazyAttribute: Evaluating <function UserFactory.<lambda> at 0x7f21903735e0> on <Resolver for <BuildStep for <StepBuilder(<DjangoOptions for UserFactory>, strategy='create')>>>
2023-12-29 15:35:34,606 - DEBUG - LazyAttribute: Evaluating <function UserFactory.<lambda> at 0x7f2190382700> on <Resolver for <BuildStep for <StepBuilder(<DjangoOptions for UserFactory>, strategy='create')>>>
2023-12-29 15:35:34,608 - DEBUG - LazyAttribute: Evaluating <function UserFactory.<lambda> at 0x7f21903735e0> on <Resolver for <BuildStep for <StepBuilder(<DjangoOptions for UserFactory>, strategy='create')>>>
2023-12-29 15:35:34,608 - DEBUG - LazyAttribute: Evaluating <function UserFactory.<lambda> at 0x7f2190382700> on <Resolver for <BuildStep for <StepBuilder(<DjangoOptions for UserFactory>, strategy='create')>>>
2023-12-29 15:35:34,822 - DEBUG - PostGeneration: Calling srcs_chat.tests.factories.usersChats(<Chat: Chat object (1)>, <BuildStep for <StepBuilder(<DjangoOptions for ChatFactory>, strategy='create')>>, value_provided=False, value=None, extra={})
2023-12-29 15:35:34,823 - DEBUG - PostGeneration: Calling srcs_chat.tests.factories.create_users(<Chat: Chat object (1)>, <BuildStep for <StepBuilder(<DjangoOptions for ChatFactory>, strategy='create')>>, value_provided=False, value=None, extra={})
2023-12-29 15:35:34,823 - DEBUG - LazyAttribute: Evaluating <function UserFactory.<lambda> at 0x7f21903735e0> on <Resolver for <BuildStep for <StepBuilder(<DjangoOptions for UserFactory>, strategy='create')>>>
2023-12-29 15:35:34,823 - DEBUG - LazyAttribute: Evaluating <function UserFactory.<lambda> at 0x7f2190382700> on <Resolver for <BuildStep for <StepBuilder(<DjangoOptions for UserFactory>, strategy='create')>>>
2023-12-29 15:35:34,825 - DEBUG - LazyAttribute: Evaluating <function UserFactory.<lambda> at 0x7f21903735e0> on <Resolver for <BuildStep for <StepBuilder(<DjangoOptions for UserFactory>, strategy='create')>>>
2023-12-29 15:35:34,825 - DEBUG - LazyAttribute: Evaluating <function UserFactory.<lambda> at 0x7f2190382700> on <Resolver for <BuildStep for <StepBuilder(<DjangoOptions for UserFactory>, strategy='create')>>>
2023-12-29 15:35:35,030 - DEBUG - PostGeneration: Calling srcs_chat.tests.factories.usersChats(<Chat: Chat object (1)>, <BuildStep for <StepBuilder(<DjangoOptions for ChatFactory>, strategy='create')>>, value_provided=False, value=None, extra={})
2023-12-29 15:35:35,030 - DEBUG - PostGeneration: Calling srcs_chat.tests.factories.create_users(<Chat: Chat object (1)>, <BuildStep for <StepBuilder(<DjangoOptions for ChatFactory>, strategy='create')>>, value_provided=False, value=None, extra={})
2023-12-29 15:35:35,031 - DEBUG - LazyAttribute: Evaluating <function UserFactory.<lambda> at 0x7f21903735e0> on <Resolver for <BuildStep for <StepBuilder(<DjangoOptions for UserFactory>, strategy='create')>>>
2023-12-29 15:35:35,031 - DEBUG - LazyAttribute: Evaluating <function UserFactory.<lambda> at 0x7f2190382700> on <Resolver for <BuildStep for <StepBuilder(<DjangoOptions for UserFactory>, strategy='create')>>>
2023-12-29 15:35:35,032 - DEBUG - LazyAttribute: Evaluating <function UserFactory.<lambda> at 0x7f21903735e0> on <Resolver for <BuildStep for <StepBuilder(<DjangoOptions for UserFactory>, strategy='create')>>>
2023-12-29 15:35:35,032 - DEBUG - LazyAttribute: Evaluating <function UserFactory.<lambda> at 0x7f2190382700> on <Resolver for <BuildStep for <StepBuilder(<DjangoOptions for UserFactory>, strategy='create')>>>
2023-12-29 15:35:35,233 - DEBUG - PostGeneration: Calling srcs_chat.tests.factories.usersChats(<Chat: Chat object (1)>, <BuildStep for <StepBuilder(<DjangoOptions for ChatFactory>, strategy='create')>>, value_provided=False, value=None, extra={})
2023-12-29 15:35:35,233 - DEBUG - PostGeneration: Calling srcs_chat.tests.factories.create_users(<Chat: Chat object (1)>, <BuildStep for <StepBuilder(<DjangoOptions for ChatFactory>, strategy='create')>>, value_provided=False, value=None, extra={})
2023-12-29 15:35:35,233 - DEBUG - LazyAttribute: Evaluating <function UserFactory.<lambda> at 0x7f21903735e0> on <Resolver for <BuildStep for <StepBuilder(<DjangoOptions for UserFactory>, strategy='create')>>>
2023-12-29 15:35:35,233 - DEBUG - LazyAttribute: Evaluating <function UserFactory.<lambda> at 0x7f2190382700> on <Resolver for <BuildStep for <StepBuilder(<DjangoOptions for UserFactory>, strategy='create')>>>
2023-12-29 15:35:35,235 - DEBUG - LazyAttribute: Evaluating <function UserFactory.<lambda> at 0x7f21903735e0> on <Resolver for <BuildStep for <StepBuilder(<DjangoOptions for UserFactory>, strategy='create')>>>
2023-12-29 15:35:35,235 - DEBUG - LazyAttribute: Evaluating <function UserFactory.<lambda> at 0x7f2190382700> on <Resolver for <BuildStep for <StepBuilder(<DjangoOptions for UserFactory>, strategy='create')>>>
2023-12-29 15:35:35,241 - DEBUG - LazyAttribute: Evaluating <function UserFactory.<lambda> at 0x7f21903735e0> on <Resolver for <BuildStep for <StepBuilder(<DjangoOptions for UserFactory>, strategy='create')>>>
2023-12-29 15:35:35,241 - DEBUG - LazyAttribute: Evaluating <function UserFactory.<lambda> at 0x7f2190382700> on <Resolver for <BuildStep for <StepBuilder(<DjangoOptions for UserFactory>, strategy='create')>>>
2023-12-29 15:35:35,443 - DEBUG - PostGeneration: Calling srcs_chat.tests.factories.usersChats(<Chat: Chat object (1)>, <BuildStep for <StepBuilder(<DjangoOptions for ChatFactory>, strategy='create')>>, value_provided=False, value=None, extra={})
2023-12-29 15:35:35,443 - DEBUG - PostGeneration: Calling srcs_chat.tests.factories.create_users(<Chat: Chat object (1)>, <BuildStep for <StepBuilder(<DjangoOptions for ChatFactory>, strategy='create')>>, value_provided=False, value=None, extra={})
2023-12-29 15:35:35,444 - DEBUG - LazyAttribute: Evaluating <function UserFactory.<lambda> at 0x7f21903735e0> on <Resolver for <BuildStep for <StepBuilder(<DjangoOptions for UserFactory>, strategy='create')>>>
2023-12-29 15:35:35,444 - DEBUG - LazyAttribute: Evaluating <function UserFactory.<lambda> at 0x7f2190382700> on <Resolver for <BuildStep for <StepBuilder(<DjangoOptions for UserFactory>, strategy='create')>>>
2023-12-29 15:35:35,446 - DEBUG - LazyAttribute: Evaluating <function UserFactory.<lambda> at 0x7f21903735e0> on <Resolver for <BuildStep for <StepBuilder(<DjangoOptions for UserFactory>, strategy='create')>>>
2023-12-29 15:35:35,446 - DEBUG - LazyAttribute: Evaluating <function UserFactory.<lambda> at 0x7f2190382700> on <Resolver for <BuildStep for <StepBuilder(<DjangoOptions for UserFactory>, strategy='create')>>>
2023-12-29 15:35:35,451 - DEBUG - LazyAttribute: Evaluating <function UserFactory.<lambda> at 0x7f21903735e0> on <Resolver for <BuildStep for <StepBuilder(<DjangoOptions for UserFactory>, strategy='create')>>>
2023-12-29 15:35:35,451 - DEBUG - LazyAttribute: Evaluating <function UserFactory.<lambda> at 0x7f2190382700> on <Resolver for <BuildStep for <StepBuilder(<DjangoOptions for UserFactory>, strategy='create')>>>
2023-12-29 15:35:35,453 - DEBUG - LazyAttribute: Evaluating <function UserFactory.<lambda> at 0x7f21903735e0> on <Resolver for <BuildStep for <StepBuilder(<DjangoOptions for UserFactory>, strategy='create')>>>
2023-12-29 15:35:35,453 - DEBUG - LazyAttribute: Evaluating <function UserFactory.<lambda> at 0x7f2190382700> on <Resolver for <BuildStep for <StepBuilder(<DjangoOptions for UserFactory>, strategy='create')>>>
2023-12-29 15:35:35,454 - DEBUG - LazyAttribute: Evaluating <function UserFactory.<lambda> at 0x7f21903735e0> on <Resolver for <BuildStep for <StepBuilder(<DjangoOptions for UserFactory>, strategy='create')>>>
2023-12-29 15:35:35,455 - DEBUG - LazyAttribute: Evaluating <function UserFactory.<lambda> at 0x7f2190382700> on <Resolver for <BuildStep for <StepBuilder(<DjangoOptions for UserFactory>, strategy='create')>>>
2023-12-29 15:35:35,456 - DEBUG - LazyAttribute: Evaluating <function UserFactory.<lambda> at 0x7f21903735e0> on <Resolver for <BuildStep for <StepBuilder(<DjangoOptions for UserFactory>, strategy='create')>>>
2023-12-29 15:35:35,456 - DEBUG - LazyAttribute: Evaluating <function UserFactory.<lambda> at 0x7f2190382700> on <Resolver for <BuildStep for <StepBuilder(<DjangoOptions for UserFactory>, strategy='create')>>>
2023-12-29 15:35:35,457 - DEBUG - LazyAttribute: Evaluating <function UserFactory.<lambda> at 0x7f21903735e0> on <Resolver for <BuildStep for <StepBuilder(<DjangoOptions for UserFactory>, strategy='create')>>>
2023-12-29 15:35:35,457 - DEBUG - LazyAttribute: Evaluating <function UserFactory.<lambda> at 0x7f2190382700> on <Resolver for <BuildStep for <StepBuilder(<DjangoOptions for UserFactory>, strategy='create')>>>
2023-12-29 15:35:35,687 - DEBUG - PostGeneration: Calling srcs_chat.tests.factories.usersChats(<Chat: Chat object (1)>, <BuildStep for <StepBuilder(<DjangoOptions for ChatFactory>, strategy='create')>>, value_provided=False, value=None, extra={})
2023-12-29 15:35:35,687 - DEBUG - PostGeneration: Calling srcs_chat.tests.factories.create_users(<Chat: Chat object (1)>, <BuildStep for <StepBuilder(<DjangoOptions for ChatFactory>, strategy='create')>>, value_provided=False, value=None, extra={})
2023-12-29 15:35:35,687 - DEBUG - LazyAttribute: Evaluating <function UserFactory.<lambda> at 0x7f21903735e0> on <Resolver for <BuildStep for <StepBuilder(<DjangoOptions for UserFactory>, strategy='create')>>>
2023-12-29 15:35:35,687 - DEBUG - LazyAttribute: Evaluating <function UserFactory.<lambda> at 0x7f2190382700> on <Resolver for <BuildStep for <StepBuilder(<DjangoOptions for UserFactory>, strategy='create')>>>
2023-12-29 15:35:35,689 - DEBUG - LazyAttribute: Evaluating <function UserFactory.<lambda> at 0x7f21903735e0> on <Resolver for <BuildStep for <StepBuilder(<DjangoOptions for UserFactory>, strategy='create')>>>
2023-12-29 15:35:35,689 - DEBUG - LazyAttribute: Evaluating <function UserFactory.<lambda> at 0x7f2190382700> on <Resolver for <BuildStep for <StepBuilder(<DjangoOptions for UserFactory>, strategy='create')>>>
2023-12-29 15:45:42,911 - DEBUG - Not in REPL -> leaving logger event level as is.
2023-12-29 15:45:43,936 - DEBUG - PostGeneration: Calling srcs_chat.tests.factories.usersChats(<Chat: Chat object (1)>, <BuildStep for <StepBuilder(<DjangoOptions for ChatFactory>, strategy='create')>>, value_provided=False, value=None, extra={})
2023-12-29 15:45:43,936 - DEBUG - PostGeneration: Calling srcs_chat.tests.factories.create_users(<Chat: Chat object (1)>, <BuildStep for <StepBuilder(<DjangoOptions for ChatFactory>, strategy='create')>>, value_provided=False, value=None, extra={})
2023-12-29 15:45:43,936 - DEBUG - Looking for locale `en_US` in provider `faker.providers.address`.
2023-12-29 15:45:43,937 - DEBUG - Provider `faker.providers.address` has been localized to `en_US`.
2023-12-29 15:45:43,938 - DEBUG - Looking for locale `en_US` in provider `faker.providers.automotive`.
2023-12-29 15:45:43,939 - DEBUG - Provider `faker.providers.automotive` has been localized to `en_US`.
2023-12-29 15:45:43,939 - DEBUG - Looking for locale `en_US` in provider `faker.providers.bank`.
2023-12-29 15:45:43,940 - DEBUG - Specified locale `en_US` is not available for provider `faker.providers.bank`. Locale reset to `en_GB` for this provider.
2023-12-29 15:45:43,940 - DEBUG - Looking for locale `en_US` in provider `faker.providers.barcode`.
2023-12-29 15:45:43,940 - DEBUG - Provider `faker.providers.barcode` has been localized to `en_US`.
2023-12-29 15:45:43,941 - DEBUG - Looking for locale `en_US` in provider `faker.providers.color`.
2023-12-29 15:45:43,941 - DEBUG - Provider `faker.providers.color` has been localized to `en_US`.
2023-12-29 15:45:43,941 - DEBUG - Looking for locale `en_US` in provider `faker.providers.company`.
2023-12-29 15:45:43,942 - DEBUG - Provider `faker.providers.company` has been localized to `en_US`.
2023-12-29 15:45:43,942 - DEBUG - Looking for locale `en_US` in provider `faker.providers.credit_card`.
2023-12-29 15:45:43,942 - DEBUG - Provider `faker.providers.credit_card` has been localized to `en_US`.
2023-12-29 15:45:43,942 - DEBUG - Looking for locale `en_US` in provider `faker.providers.currency`.
2023-12-29 15:45:43,943 - DEBUG - Provider `faker.providers.currency` has been localized to `en_US`.
2023-12-29 15:45:43,943 - DEBUG - Looking for locale `en_US` in provider `faker.providers.date_time`.
2023-12-29 15:45:43,943 - DEBUG - Provider `faker.providers.date_time` has been localized to `en_US`.
2023-12-29 15:45:43,944 - DEBUG - Provider `faker.providers.emoji` does not feature localization. Specified locale `en_US` is not utilized for this provider.
2023-12-29 15:45:43,944 - DEBUG - Provider `faker.providers.file` does not feature localization. Specified locale `en_US` is not utilized for this provider.
2023-12-29 15:45:43,944 - DEBUG - Looking for locale `en_US` in provider `faker.providers.geo`.
2023-12-29 15:45:43,944 - DEBUG - Provider `faker.providers.geo` has been localized to `en_US`.
2023-12-29 15:45:43,944 - DEBUG - Looking for locale `en_US` in provider `faker.providers.internet`.
2023-12-29 15:45:43,945 - DEBUG - Provider `faker.providers.internet` has been localized to `en_US`.
2023-12-29 15:45:43,945 - DEBUG - Provider `faker.providers.isbn` does not feature localization. Specified locale `en_US` is not utilized for this provider.
2023-12-29 15:45:43,945 - DEBUG - Looking for locale `en_US` in provider `faker.providers.job`.
2023-12-29 15:45:43,946 - DEBUG - Provider `faker.providers.job` has been localized to `en_US`.
2023-12-29 15:45:43,946 - DEBUG - Looking for locale `en_US` in provider `faker.providers.lorem`.
2023-12-29 15:45:43,946 - DEBUG - Provider `faker.providers.lorem` has been localized to `en_US`.
2023-12-29 15:45:43,947 - DEBUG - Looking for locale `en_US` in provider `faker.providers.misc`.
2023-12-29 15:45:43,947 - DEBUG - Provider `faker.providers.misc` has been localized to `en_US`.
2023-12-29 15:45:43,948 - DEBUG - Looking for locale `en_US` in provider `faker.providers.passport`.
2023-12-29 15:45:43,948 - DEBUG - Provider `faker.providers.passport` has been localized to `en_US`.
2023-12-29 15:45:43,948 - DEBUG - Looking for locale `en_US` in provider `faker.providers.person`.
2023-12-29 15:45:43,949 - DEBUG - Provider `faker.providers.person` has been localized to `en_US`.
2023-12-29 15:45:43,950 - DEBUG - Looking for locale `en_US` in provider `faker.providers.phone_number`.
2023-12-29 15:45:43,951 - DEBUG - Provider `faker.providers.phone_number` has been localized to `en_US`.
2023-12-29 15:45:43,952 - DEBUG - Provider `faker.providers.profile` does not feature localization. Specified locale `en_US` is not utilized for this provider.
2023-12-29 15:45:43,952 - DEBUG - Provider `faker.providers.python` does not feature localization. Specified locale `en_US` is not utilized for this provider.
2023-12-29 15:45:43,952 - DEBUG - Provider `faker.providers.sbn` does not feature localization. Specified locale `en_US` is not utilized for this provider.
2023-12-29 15:45:43,952 - DEBUG - Looking for locale `en_US` in provider `faker.providers.ssn`.
2023-12-29 15:45:43,952 - DEBUG - Provider `faker.providers.ssn` has been localized to `en_US`.
2023-12-29 15:45:43,953 - DEBUG - Provider `faker.providers.user_agent` does not feature localization. Specified locale `en_US` is not utilized for this provider.
2023-12-29 15:45:43,953 - DEBUG - LazyAttribute: Evaluating <function UserFactory.<lambda> at 0x7f683f3a75e0> on <Resolver for <BuildStep for <StepBuilder(<DjangoOptions for UserFactory>, strategy='create')>>>
2023-12-29 15:45:43,953 - DEBUG - LazyAttribute: Evaluating <function UserFactory.<lambda> at 0x7f683f3b6700> on <Resolver for <BuildStep for <StepBuilder(<DjangoOptions for UserFactory>, strategy='create')>>>
2023-12-29 15:45:43,955 - DEBUG - LazyAttribute: Evaluating <function UserFactory.<lambda> at 0x7f683f3a75e0> on <Resolver for <BuildStep for <StepBuilder(<DjangoOptions for UserFactory>, strategy='create')>>>
2023-12-29 15:45:43,956 - DEBUG - LazyAttribute: Evaluating <function UserFactory.<lambda> at 0x7f683f3b6700> on <Resolver for <BuildStep for <StepBuilder(<DjangoOptions for UserFactory>, strategy='create')>>>
2023-12-29 15:45:44,165 - DEBUG - PostGeneration: Calling srcs_chat.tests.factories.usersChats(<Chat: Chat object (1)>, <BuildStep for <StepBuilder(<DjangoOptions for ChatFactory>, strategy='create')>>, value_provided=False, value=None, extra={})
2023-12-29 15:45:44,165 - DEBUG - PostGeneration: Calling srcs_chat.tests.factories.create_users(<Chat: Chat object (1)>, <BuildStep for <StepBuilder(<DjangoOptions for ChatFactory>, strategy='create')>>, value_provided=False, value=None, extra={})
2023-12-29 15:45:44,166 - DEBUG - LazyAttribute: Evaluating <function UserFactory.<lambda> at 0x7f683f3a75e0> on <Resolver for <BuildStep for <StepBuilder(<DjangoOptions for UserFactory>, strategy='create')>>>
2023-12-29 15:45:44,166 - DEBUG - LazyAttribute: Evaluating <function UserFactory.<lambda> at 0x7f683f3b6700> on <Resolver for <BuildStep for <StepBuilder(<DjangoOptions for UserFactory>, strategy='create')>>>
2023-12-29 15:45:44,168 - DEBUG - LazyAttribute: Evaluating <function UserFactory.<lambda> at 0x7f683f3a75e0> on <Resolver for <BuildStep for <StepBuilder(<DjangoOptions for UserFactory>, strategy='create')>>>
2023-12-29 15:45:44,168 - DEBUG - LazyAttribute: Evaluating <function UserFactory.<lambda> at 0x7f683f3b6700> on <Resolver for <BuildStep for <StepBuilder(<DjangoOptions for UserFactory>, strategy='create')>>>
2023-12-29 15:45:44,375 - DEBUG - PostGeneration: Calling srcs_chat.tests.factories.usersChats(<Chat: Chat object (1)>, <BuildStep for <StepBuilder(<DjangoOptions for ChatFactory>, strategy='create')>>, value_provided=False, value=None, extra={})
2023-12-29 15:45:44,375 - DEBUG - PostGeneration: Calling srcs_chat.tests.factories.create_users(<Chat: Chat object (1)>, <BuildStep for <StepBuilder(<DjangoOptions for ChatFactory>, strategy='create')>>, value_provided=False, value=None, extra={})
2023-12-29 15:45:44,375 - DEBUG - LazyAttribute: Evaluating <function UserFactory.<lambda> at 0x7f683f3a75e0> on <Resolver for <BuildStep for <StepBuilder(<DjangoOptions for UserFactory>, strategy='create')>>>
2023-12-29 15:45:44,376 - DEBUG - LazyAttribute: Evaluating <function UserFactory.<lambda> at 0x7f683f3b6700> on <Resolver for <BuildStep for <StepBuilder(<DjangoOptions for UserFactory>, strategy='create')>>>
2023-12-29 15:45:44,378 - DEBUG - LazyAttribute: Evaluating <function UserFactory.<lambda> at 0x7f683f3a75e0> on <Resolver for <BuildStep for <StepBuilder(<DjangoOptions for UserFactory>, strategy='create')>>>
2023-12-29 15:45:44,378 - DEBUG - LazyAttribute: Evaluating <function UserFactory.<lambda> at 0x7f683f3b6700> on <Resolver for <BuildStep for <StepBuilder(<DjangoOptions for UserFactory>, strategy='create')>>>
2023-12-29 15:45:44,589 - DEBUG - PostGeneration: Calling srcs_chat.tests.factories.usersChats(<Chat: Chat object (1)>, <BuildStep for <StepBuilder(<DjangoOptions for ChatFactory>, strategy='create')>>, value_provided=False, value=None, extra={})
2023-12-29 15:45:44,589 - DEBUG - PostGeneration: Calling srcs_chat.tests.factories.create_users(<Chat: Chat object (1)>, <BuildStep for <StepBuilder(<DjangoOptions for ChatFactory>, strategy='create')>>, value_provided=False, value=None, extra={})
2023-12-29 15:45:44,589 - DEBUG - LazyAttribute: Evaluating <function UserFactory.<lambda> at 0x7f683f3a75e0> on <Resolver for <BuildStep for <StepBuilder(<DjangoOptions for UserFactory>, strategy='create')>>>
2023-12-29 15:45:44,589 - DEBUG - LazyAttribute: Evaluating <function UserFactory.<lambda> at 0x7f683f3b6700> on <Resolver for <BuildStep for <StepBuilder(<DjangoOptions for UserFactory>, strategy='create')>>>
2023-12-29 15:45:44,591 - DEBUG - LazyAttribute: Evaluating <function UserFactory.<lambda> at 0x7f683f3a75e0> on <Resolver for <BuildStep for <StepBuilder(<DjangoOptions for UserFactory>, strategy='create')>>>
2023-12-29 15:45:44,591 - DEBUG - LazyAttribute: Evaluating <function UserFactory.<lambda> at 0x7f683f3b6700> on <Resolver for <BuildStep for <StepBuilder(<DjangoOptions for UserFactory>, strategy='create')>>>
2023-12-29 15:45:44,598 - DEBUG - LazyAttribute: Evaluating <function UserFactory.<lambda> at 0x7f683f3a75e0> on <Resolver for <BuildStep for <StepBuilder(<DjangoOptions for UserFactory>, strategy='create')>>>
2023-12-29 15:45:44,598 - DEBUG - LazyAttribute: Evaluating <function UserFactory.<lambda> at 0x7f683f3b6700> on <Resolver for <BuildStep for <StepBuilder(<DjangoOptions for UserFactory>, strategy='create')>>>
2023-12-29 15:45:44,812 - DEBUG - PostGeneration: Calling srcs_chat.tests.factories.usersChats(<Chat: Chat object (1)>, <BuildStep for <StepBuilder(<DjangoOptions for ChatFactory>, strategy='create')>>, value_provided=False, value=None, extra={})
2023-12-29 15:45:44,812 - DEBUG - PostGeneration: Calling srcs_chat.tests.factories.create_users(<Chat: Chat object (1)>, <BuildStep for <StepBuilder(<DjangoOptions for ChatFactory>, strategy='create')>>, value_provided=False, value=None, extra={})
2023-12-29 15:45:44,812 - DEBUG - LazyAttribute: Evaluating <function UserFactory.<lambda> at 0x7f683f3a75e0> on <Resolver for <BuildStep for <StepBuilder(<DjangoOptions for UserFactory>, strategy='create')>>>
2023-12-29 15:45:44,812 - DEBUG - LazyAttribute: Evaluating <function UserFactory.<lambda> at 0x7f683f3b6700> on <Resolver for <BuildStep for <StepBuilder(<DjangoOptions for UserFactory>, strategy='create')>>>
2023-12-29 15:45:44,815 - DEBUG - LazyAttribute: Evaluating <function UserFactory.<lambda> at 0x7f683f3a75e0> on <Resolver for <BuildStep for <StepBuilder(<DjangoOptions for UserFactory>, strategy='create')>>>
2023-12-29 15:45:44,815 - DEBUG - LazyAttribute: Evaluating <function UserFactory.<lambda> at 0x7f683f3b6700> on <Resolver for <BuildStep for <StepBuilder(<DjangoOptions for UserFactory>, strategy='create')>>>
2023-12-29 15:45:44,821 - DEBUG - LazyAttribute: Evaluating <function UserFactory.<lambda> at 0x7f683f3a75e0> on <Resolver for <BuildStep for <StepBuilder(<DjangoOptions for UserFactory>, strategy='create')>>>
2023-12-29 15:45:44,822 - DEBUG - LazyAttribute: Evaluating <function UserFactory.<lambda> at 0x7f683f3b6700> on <Resolver for <BuildStep for <StepBuilder(<DjangoOptions for UserFactory>, strategy='create')>>>
2023-12-29 15:45:44,823 - DEBUG - LazyAttribute: Evaluating <function UserFactory.<lambda> at 0x7f683f3a75e0> on <Resolver for <BuildStep for <StepBuilder(<DjangoOptions for UserFactory>, strategy='create')>>>
2023-12-29 15:45:44,824 - DEBUG - LazyAttribute: Evaluating <function UserFactory.<lambda> at 0x7f683f3b6700> on <Resolver for <BuildStep for <StepBuilder(<DjangoOptions for UserFactory>, strategy='create')>>>
2023-12-29 15:45:44,825 - DEBUG - LazyAttribute: Evaluating <function UserFactory.<lambda> at 0x7f683f3a75e0> on <Resolver for <BuildStep for <StepBuilder(<DjangoOptions for UserFactory>, strategy='create')>>>
2023-12-29 15:45:44,826 - DEBUG - LazyAttribute: Evaluating <function UserFactory.<lambda> at 0x7f683f3b6700> on <Resolver for <BuildStep for <StepBuilder(<DjangoOptions for UserFactory>, strategy='create')>>>
2023-12-29 15:45:44,827 - DEBUG - LazyAttribute: Evaluating <function UserFactory.<lambda> at 0x7f683f3a75e0> on <Resolver for <BuildStep for <StepBuilder(<DjangoOptions for UserFactory>, strategy='create')>>>
2023-12-29 15:45:44,827 - DEBUG - LazyAttribute: Evaluating <function UserFactory.<lambda> at 0x7f683f3b6700> on <Resolver for <BuildStep for <StepBuilder(<DjangoOptions for UserFactory>, strategy='create')>>>
2023-12-29 15:45:44,829 - DEBUG - LazyAttribute: Evaluating <function UserFactory.<lambda> at 0x7f683f3a75e0> on <Resolver for <BuildStep for <StepBuilder(<DjangoOptions for UserFactory>, strategy='create')>>>
2023-12-29 15:45:44,829 - DEBUG - LazyAttribute: Evaluating <function UserFactory.<lambda> at 0x7f683f3b6700> on <Resolver for <BuildStep for <StepBuilder(<DjangoOptions for UserFactory>, strategy='create')>>>
2023-12-29 15:45:45,106 - DEBUG - PostGeneration: Calling srcs_chat.tests.factories.usersChats(<Chat: Chat object (1)>, <BuildStep for <StepBuilder(<DjangoOptions for ChatFactory>, strategy='create')>>, value_provided=False, value=None, extra={})
2023-12-29 15:45:45,106 - DEBUG - PostGeneration: Calling srcs_chat.tests.factories.create_users(<Chat: Chat object (1)>, <BuildStep for <StepBuilder(<DjangoOptions for ChatFactory>, strategy='create')>>, value_provided=False, value=None, extra={})
2023-12-29 15:45:45,106 - DEBUG - LazyAttribute: Evaluating <function UserFactory.<lambda> at 0x7f683f3a75e0> on <Resolver for <BuildStep for <StepBuilder(<DjangoOptions for UserFactory>, strategy='create')>>>
2023-12-29 15:45:45,107 - DEBUG - LazyAttribute: Evaluating <function UserFactory.<lambda> at 0x7f683f3b6700> on <Resolver for <BuildStep for <StepBuilder(<DjangoOptions for UserFactory>, strategy='create')>>>
2023-12-29 15:45:45,109 - DEBUG - LazyAttribute: Evaluating <function UserFactory.<lambda> at 0x7f683f3a75e0> on <Resolver for <BuildStep for <StepBuilder(<DjangoOptions for UserFactory>, strategy='create')>>>
2023-12-29 15:45:45,110 - DEBUG - LazyAttribute: Evaluating <function UserFactory.<lambda> at 0x7f683f3b6700> on <Resolver for <BuildStep for <StepBuilder(<DjangoOptions for UserFactory>, strategy='create')>>>
2023-12-29 15:48:50,952 - DEBUG - Not in REPL -> leaving logger event level as is.
2023-12-29 15:48:51,924 - DEBUG - PostGeneration: Calling srcs_chat.tests.factories.usersChats(<Chat: Chat object (1)>, <BuildStep for <StepBuilder(<DjangoOptions for ChatFactory>, strategy='create')>>, value_provided=False, value=None, extra={})
2023-12-29 15:48:51,924 - DEBUG - PostGeneration: Calling srcs_chat.tests.factories.create_users(<Chat: Chat object (1)>, <BuildStep for <StepBuilder(<DjangoOptions for ChatFactory>, strategy='create')>>, value_provided=False, value=None, extra={})
2023-12-29 15:48:51,924 - DEBUG - Looking for locale `en_US` in provider `faker.providers.address`.
2023-12-29 15:48:51,925 - DEBUG - Provider `faker.providers.address` has been localized to `en_US`.
2023-12-29 15:48:51,926 - DEBUG - Looking for locale `en_US` in provider `faker.providers.automotive`.
2023-12-29 15:48:51,926 - DEBUG - Provider `faker.providers.automotive` has been localized to `en_US`.
2023-12-29 15:48:51,927 - DEBUG - Looking for locale `en_US` in provider `faker.providers.bank`.
2023-12-29 15:48:51,927 - DEBUG - Specified locale `en_US` is not available for provider `faker.providers.bank`. Locale reset to `en_GB` for this provider.
2023-12-29 15:48:51,927 - DEBUG - Looking for locale `en_US` in provider `faker.providers.barcode`.
2023-12-29 15:48:51,928 - DEBUG - Provider `faker.providers.barcode` has been localized to `en_US`.
2023-12-29 15:48:51,929 - DEBUG - Looking for locale `en_US` in provider `faker.providers.color`.
2023-12-29 15:48:51,929 - DEBUG - Provider `faker.providers.color` has been localized to `en_US`.
2023-12-29 15:48:51,930 - DEBUG - Looking for locale `en_US` in provider `faker.providers.company`.
2023-12-29 15:48:51,930 - DEBUG - Provider `faker.providers.company` has been localized to `en_US`.
2023-12-29 15:48:51,930 - DEBUG - Looking for locale `en_US` in provider `faker.providers.credit_card`.
2023-12-29 15:48:51,931 - DEBUG - Provider `faker.providers.credit_card` has been localized to `en_US`.
2023-12-29 15:48:51,931 - DEBUG - Looking for locale `en_US` in provider `faker.providers.currency`.
2023-12-29 15:48:51,931 - DEBUG - Provider `faker.providers.currency` has been localized to `en_US`.
2023-12-29 15:48:51,932 - DEBUG - Looking for locale `en_US` in provider `faker.providers.date_time`.
2023-12-29 15:48:51,932 - DEBUG - Provider `faker.providers.date_time` has been localized to `en_US`.
2023-12-29 15:48:51,933 - DEBUG - Provider `faker.providers.emoji` does not feature localization. Specified locale `en_US` is not utilized for this provider.
2023-12-29 15:48:51,933 - DEBUG - Provider `faker.providers.file` does not feature localization. Specified locale `en_US` is not utilized for this provider.
2023-12-29 15:48:51,933 - DEBUG - Looking for locale `en_US` in provider `faker.providers.geo`.
2023-12-29 15:48:51,933 - DEBUG - Provider `faker.providers.geo` has been localized to `en_US`.
2023-12-29 15:48:51,933 - DEBUG - Looking for locale `en_US` in provider `faker.providers.internet`.
2023-12-29 15:48:51,934 - DEBUG - Provider `faker.providers.internet` has been localized to `en_US`.
2023-12-29 15:48:51,934 - DEBUG - Provider `faker.providers.isbn` does not feature localization. Specified locale `en_US` is not utilized for this provider.
2023-12-29 15:48:51,934 - DEBUG - Looking for locale `en_US` in provider `faker.providers.job`.
2023-12-29 15:48:51,934 - DEBUG - Provider `faker.providers.job` has been localized to `en_US`.
2023-12-29 15:48:51,935 - DEBUG - Looking for locale `en_US` in provider `faker.providers.lorem`.
2023-12-29 15:48:51,935 - DEBUG - Provider `faker.providers.lorem` has been localized to `en_US`.
2023-12-29 15:48:51,936 - DEBUG - Looking for locale `en_US` in provider `faker.providers.misc`.
2023-12-29 15:48:51,936 - DEBUG - Provider `faker.providers.misc` has been localized to `en_US`.
2023-12-29 15:48:51,937 - DEBUG - Looking for locale `en_US` in provider `faker.providers.passport`.
2023-12-29 15:48:51,937 - DEBUG - Provider `faker.providers.passport` has been localized to `en_US`.
2023-12-29 15:48:51,937 - DEBUG - Looking for locale `en_US` in provider `faker.providers.person`.
2023-12-29 15:48:51,938 - DEBUG - Provider `faker.providers.person` has been localized to `en_US`.
2023-12-29 15:48:51,939 - DEBUG - Looking for locale `en_US` in provider `faker.providers.phone_number`.
2023-12-29 15:48:51,940 - DEBUG - Provider `faker.providers.phone_number` has been localized to `en_US`.
2023-12-29 15:48:51,940 - DEBUG - Provider `faker.providers.profile` does not feature localization. Specified locale `en_US` is not utilized for this provider.
2023-12-29 15:48:51,940 - DEBUG - Provider `faker.providers.python` does not feature localization. Specified locale `en_US` is not utilized for this provider.
2023-12-29 15:48:51,941 - DEBUG - Provider `faker.providers.sbn` does not feature localization. Specified locale `en_US` is not utilized for this provider.
2023-12-29 15:48:51,941 - DEBUG - Looking for locale `en_US` in provider `faker.providers.ssn`.
2023-12-29 15:48:51,941 - DEBUG - Provider `faker.providers.ssn` has been localized to `en_US`.
2023-12-29 15:48:51,942 - DEBUG - Provider `faker.providers.user_agent` does not feature localization. Specified locale `en_US` is not utilized for this provider.
2023-12-29 15:48:51,942 - DEBUG - LazyAttribute: Evaluating <function UserFactory.<lambda> at 0x7fbf47f76550> on <Resolver for <BuildStep for <StepBuilder(<DjangoOptions for UserFactory>, strategy='create')>>>
2023-12-29 15:48:51,942 - DEBUG - LazyAttribute: Evaluating <function UserFactory.<lambda> at 0x7fbf47f86670> on <Resolver for <BuildStep for <StepBuilder(<DjangoOptions for UserFactory>, strategy='create')>>>
2023-12-29 15:48:51,944 - DEBUG - LazyAttribute: Evaluating <function UserFactory.<lambda> at 0x7fbf47f76550> on <Resolver for <BuildStep for <StepBuilder(<DjangoOptions for UserFactory>, strategy='create')>>>
2023-12-29 15:48:51,944 - DEBUG - LazyAttribute: Evaluating <function UserFactory.<lambda> at 0x7fbf47f86670> on <Resolver for <BuildStep for <StepBuilder(<DjangoOptions for UserFactory>, strategy='create')>>>
2023-12-29 15:48:52,163 - DEBUG - PostGeneration: Calling srcs_chat.tests.factories.usersChats(<Chat: Chat object (1)>, <BuildStep for <StepBuilder(<DjangoOptions for ChatFactory>, strategy='create')>>, value_provided=False, value=None, extra={})
2023-12-29 15:48:52,164 - DEBUG - PostGeneration: Calling srcs_chat.tests.factories.create_users(<Chat: Chat object (1)>, <BuildStep for <StepBuilder(<DjangoOptions for ChatFactory>, strategy='create')>>, value_provided=False, value=None, extra={})
2023-12-29 15:48:52,164 - DEBUG - LazyAttribute: Evaluating <function UserFactory.<lambda> at 0x7fbf47f76550> on <Resolver for <BuildStep for <StepBuilder(<DjangoOptions for UserFactory>, strategy='create')>>>
2023-12-29 15:48:52,165 - DEBUG - LazyAttribute: Evaluating <function UserFactory.<lambda> at 0x7fbf47f86670> on <Resolver for <BuildStep for <StepBuilder(<DjangoOptions for UserFactory>, strategy='create')>>>
2023-12-29 15:48:52,167 - DEBUG - LazyAttribute: Evaluating <function UserFactory.<lambda> at 0x7fbf47f76550> on <Resolver for <BuildStep for <StepBuilder(<DjangoOptions for UserFactory>, strategy='create')>>>
2023-12-29 15:48:52,167 - DEBUG - LazyAttribute: Evaluating <function UserFactory.<lambda> at 0x7fbf47f86670> on <Resolver for <BuildStep for <StepBuilder(<DjangoOptions for UserFactory>, strategy='create')>>>
2023-12-29 15:48:52,371 - DEBUG - PostGeneration: Calling srcs_chat.tests.factories.usersChats(<Chat: Chat object (1)>, <BuildStep for <StepBuilder(<DjangoOptions for ChatFactory>, strategy='create')>>, value_provided=False, value=None, extra={})
2023-12-29 15:48:52,371 - DEBUG - PostGeneration: Calling srcs_chat.tests.factories.create_users(<Chat: Chat object (1)>, <BuildStep for <StepBuilder(<DjangoOptions for ChatFactory>, strategy='create')>>, value_provided=False, value=None, extra={})
2023-12-29 15:48:52,371 - DEBUG - LazyAttribute: Evaluating <function UserFactory.<lambda> at 0x7fbf47f76550> on <Resolver for <BuildStep for <StepBuilder(<DjangoOptions for UserFactory>, strategy='create')>>>
2023-12-29 15:48:52,372 - DEBUG - LazyAttribute: Evaluating <function UserFactory.<lambda> at 0x7fbf47f86670> on <Resolver for <BuildStep for <StepBuilder(<DjangoOptions for UserFactory>, strategy='create')>>>
2023-12-29 15:48:52,373 - DEBUG - LazyAttribute: Evaluating <function UserFactory.<lambda> at 0x7fbf47f76550> on <Resolver for <BuildStep for <StepBuilder(<DjangoOptions for UserFactory>, strategy='create')>>>
2023-12-29 15:48:52,374 - DEBUG - LazyAttribute: Evaluating <function UserFactory.<lambda> at 0x7fbf47f86670> on <Resolver for <BuildStep for <StepBuilder(<DjangoOptions for UserFactory>, strategy='create')>>>
2023-12-29 15:48:52,579 - DEBUG - PostGeneration: Calling srcs_chat.tests.factories.usersChats(<Chat: Chat object (1)>, <BuildStep for <StepBuilder(<DjangoOptions for ChatFactory>, strategy='create')>>, value_provided=False, value=None, extra={})
2023-12-29 15:48:52,579 - DEBUG - PostGeneration: Calling srcs_chat.tests.factories.create_users(<Chat: Chat object (1)>, <BuildStep for <StepBuilder(<DjangoOptions for ChatFactory>, strategy='create')>>, value_provided=False, value=None, extra={})
2023-12-29 15:48:52,579 - DEBUG - LazyAttribute: Evaluating <function UserFactory.<lambda> at 0x7fbf47f76550> on <Resolver for <BuildStep for <StepBuilder(<DjangoOptions for UserFactory>, strategy='create')>>>
2023-12-29 15:48:52,579 - DEBUG - LazyAttribute: Evaluating <function UserFactory.<lambda> at 0x7fbf47f86670> on <Resolver for <BuildStep for <StepBuilder(<DjangoOptions for UserFactory>, strategy='create')>>>
2023-12-29 15:48:52,581 - DEBUG - LazyAttribute: Evaluating <function UserFactory.<lambda> at 0x7fbf47f76550> on <Resolver for <BuildStep for <StepBuilder(<DjangoOptions for UserFactory>, strategy='create')>>>
2023-12-29 15:48:52,581 - DEBUG - LazyAttribute: Evaluating <function UserFactory.<lambda> at 0x7fbf47f86670> on <Resolver for <BuildStep for <StepBuilder(<DjangoOptions for UserFactory>, strategy='create')>>>
2023-12-29 15:48:52,587 - DEBUG - LazyAttribute: Evaluating <function UserFactory.<lambda> at 0x7fbf47f76550> on <Resolver for <BuildStep for <StepBuilder(<DjangoOptions for UserFactory>, strategy='create')>>>
2023-12-29 15:48:52,587 - DEBUG - LazyAttribute: Evaluating <function UserFactory.<lambda> at 0x7fbf47f86670> on <Resolver for <BuildStep for <StepBuilder(<DjangoOptions for UserFactory>, strategy='create')>>>
2023-12-29 15:48:52,805 - DEBUG - PostGeneration: Calling srcs_chat.tests.factories.usersChats(<Chat: Chat object (1)>, <BuildStep for <StepBuilder(<DjangoOptions for ChatFactory>, strategy='create')>>, value_provided=False, value=None, extra={})
2023-12-29 15:48:52,805 - DEBUG - PostGeneration: Calling srcs_chat.tests.factories.create_users(<Chat: Chat object (1)>, <BuildStep for <StepBuilder(<DjangoOptions for ChatFactory>, strategy='create')>>, value_provided=False, value=None, extra={})
2023-12-29 15:48:52,805 - DEBUG - LazyAttribute: Evaluating <function UserFactory.<lambda> at 0x7fbf47f76550> on <Resolver for <BuildStep for <StepBuilder(<DjangoOptions for UserFactory>, strategy='create')>>>
2023-12-29 15:48:52,806 - DEBUG - LazyAttribute: Evaluating <function UserFactory.<lambda> at 0x7fbf47f86670> on <Resolver for <BuildStep for <StepBuilder(<DjangoOptions for UserFactory>, strategy='create')>>>
2023-12-29 15:48:52,807 - DEBUG - LazyAttribute: Evaluating <function UserFactory.<lambda> at 0x7fbf47f76550> on <Resolver for <BuildStep for <StepBuilder(<DjangoOptions for UserFactory>, strategy='create')>>>
2023-12-29 15:48:52,808 - DEBUG - LazyAttribute: Evaluating <function UserFactory.<lambda> at 0x7fbf47f86670> on <Resolver for <BuildStep for <StepBuilder(<DjangoOptions for UserFactory>, strategy='create')>>>
2023-12-29 15:48:52,813 - DEBUG - LazyAttribute: Evaluating <function UserFactory.<lambda> at 0x7fbf47f76550> on <Resolver for <BuildStep for <StepBuilder(<DjangoOptions for UserFactory>, strategy='create')>>>
2023-12-29 15:48:52,814 - DEBUG - LazyAttribute: Evaluating <function UserFactory.<lambda> at 0x7fbf47f86670> on <Resolver for <BuildStep for <StepBuilder(<DjangoOptions for UserFactory>, strategy='create')>>>
2023-12-29 15:48:52,815 - DEBUG - LazyAttribute: Evaluating <function UserFactory.<lambda> at 0x7fbf47f76550> on <Resolver for <BuildStep for <StepBuilder(<DjangoOptions for UserFactory>, strategy='create')>>>
2023-12-29 15:48:52,815 - DEBUG - LazyAttribute: Evaluating <function UserFactory.<lambda> at 0x7fbf47f86670> on <Resolver for <BuildStep for <StepBuilder(<DjangoOptions for UserFactory>, strategy='create')>>>
2023-12-29 15:48:52,817 - DEBUG - LazyAttribute: Evaluating <function UserFactory.<lambda> at 0x7fbf47f76550> on <Resolver for <BuildStep for <StepBuilder(<DjangoOptions for UserFactory>, strategy='create')>>>
2023-12-29 15:48:52,817 - DEBUG - LazyAttribute: Evaluating <function UserFactory.<lambda> at 0x7fbf47f86670> on <Resolver for <BuildStep for <StepBuilder(<DjangoOptions for UserFactory>, strategy='create')>>>
2023-12-29 15:48:52,819 - DEBUG - LazyAttribute: Evaluating <function UserFactory.<lambda> at 0x7fbf47f76550> on <Resolver for <BuildStep for <StepBuilder(<DjangoOptions for UserFactory>, strategy='create')>>>
2023-12-29 15:48:52,819 - DEBUG - LazyAttribute: Evaluating <function UserFactory.<lambda> at 0x7fbf47f86670> on <Resolver for <BuildStep for <StepBuilder(<DjangoOptions for UserFactory>, strategy='create')>>>
2023-12-29 15:48:52,820 - DEBUG - LazyAttribute: Evaluating <function UserFactory.<lambda> at 0x7fbf47f76550> on <Resolver for <BuildStep for <StepBuilder(<DjangoOptions for UserFactory>, strategy='create')>>>
2023-12-29 15:48:52,820 - DEBUG - LazyAttribute: Evaluating <function UserFactory.<lambda> at 0x7fbf47f86670> on <Resolver for <BuildStep for <StepBuilder(<DjangoOptions for UserFactory>, strategy='create')>>>
2023-12-29 15:48:53,083 - DEBUG - PostGeneration: Calling srcs_chat.tests.factories.usersChats(<Chat: Chat object (1)>, <BuildStep for <StepBuilder(<DjangoOptions for ChatFactory>, strategy='create')>>, value_provided=False, value=None, extra={})
2023-12-29 15:48:53,083 - DEBUG - PostGeneration: Calling srcs_chat.tests.factories.create_users(<Chat: Chat object (1)>, <BuildStep for <StepBuilder(<DjangoOptions for ChatFactory>, strategy='create')>>, value_provided=False, value=None, extra={})
2023-12-29 15:48:53,084 - DEBUG - LazyAttribute: Evaluating <function UserFactory.<lambda> at 0x7fbf47f76550> on <Resolver for <BuildStep for <StepBuilder(<DjangoOptions for UserFactory>, strategy='create')>>>
2023-12-29 15:48:53,084 - DEBUG - LazyAttribute: Evaluating <function UserFactory.<lambda> at 0x7fbf47f86670> on <Resolver for <BuildStep for <StepBuilder(<DjangoOptions for UserFactory>, strategy='create')>>>
2023-12-29 15:48:53,086 - DEBUG - LazyAttribute: Evaluating <function UserFactory.<lambda> at 0x7fbf47f76550> on <Resolver for <BuildStep for <StepBuilder(<DjangoOptions for UserFactory>, strategy='create')>>>
2023-12-29 15:48:53,086 - DEBUG - LazyAttribute: Evaluating <function UserFactory.<lambda> at 0x7fbf47f86670> on <Resolver for <BuildStep for <StepBuilder(<DjangoOptions for UserFactory>, strategy='create')>>>
2023-12-29 15:49:14,667 - DEBUG - Not in REPL -> leaving logger event level as is.
2023-12-29 15:49:15,684 - DEBUG - PostGeneration: Calling srcs_chat.tests.factories.usersChats(<Chat: Chat object (1)>, <BuildStep for <StepBuilder(<DjangoOptions for ChatFactory>, strategy='create')>>, value_provided=False, value=None, extra={})
2023-12-29 15:49:15,684 - DEBUG - PostGeneration: Calling srcs_chat.tests.factories.create_users(<Chat: Chat object (1)>, <BuildStep for <StepBuilder(<DjangoOptions for ChatFactory>, strategy='create')>>, value_provided=False, value=None, extra={})
2023-12-29 15:49:15,684 - DEBUG - Looking for locale `en_US` in provider `faker.providers.address`.
2023-12-29 15:49:15,685 - DEBUG - Provider `faker.providers.address` has been localized to `en_US`.
2023-12-29 15:49:15,686 - DEBUG - Looking for locale `en_US` in provider `faker.providers.automotive`.
2023-12-29 15:49:15,687 - DEBUG - Provider `faker.providers.automotive` has been localized to `en_US`.
2023-12-29 15:49:15,687 - DEBUG - Looking for locale `en_US` in provider `faker.providers.bank`.
2023-12-29 15:49:15,687 - DEBUG - Specified locale `en_US` is not available for provider `faker.providers.bank`. Locale reset to `en_GB` for this provider.
2023-12-29 15:49:15,688 - DEBUG - Looking for locale `en_US` in provider `faker.providers.barcode`.
2023-12-29 15:49:15,688 - DEBUG - Provider `faker.providers.barcode` has been localized to `en_US`.
2023-12-29 15:49:15,688 - DEBUG - Looking for locale `en_US` in provider `faker.providers.color`.
2023-12-29 15:49:15,689 - DEBUG - Provider `faker.providers.color` has been localized to `en_US`.
2023-12-29 15:49:15,689 - DEBUG - Looking for locale `en_US` in provider `faker.providers.company`.
2023-12-29 15:49:15,690 - DEBUG - Provider `faker.providers.company` has been localized to `en_US`.
2023-12-29 15:49:15,690 - DEBUG - Looking for locale `en_US` in provider `faker.providers.credit_card`.
2023-12-29 15:49:15,690 - DEBUG - Provider `faker.providers.credit_card` has been localized to `en_US`.
2023-12-29 15:49:15,690 - DEBUG - Looking for locale `en_US` in provider `faker.providers.currency`.
2023-12-29 15:49:15,691 - DEBUG - Provider `faker.providers.currency` has been localized to `en_US`.
2023-12-29 15:49:15,691 - DEBUG - Looking for locale `en_US` in provider `faker.providers.date_time`.
2023-12-29 15:49:15,691 - DEBUG - Provider `faker.providers.date_time` has been localized to `en_US`.
2023-12-29 15:49:15,692 - DEBUG - Provider `faker.providers.emoji` does not feature localization. Specified locale `en_US` is not utilized for this provider.
2023-12-29 15:49:15,692 - DEBUG - Provider `faker.providers.file` does not feature localization. Specified locale `en_US` is not utilized for this provider.
2023-12-29 15:49:15,692 - DEBUG - Looking for locale `en_US` in provider `faker.providers.geo`.
2023-12-29 15:49:15,692 - DEBUG - Provider `faker.providers.geo` has been localized to `en_US`.
2023-12-29 15:49:15,692 - DEBUG - Looking for locale `en_US` in provider `faker.providers.internet`.
2023-12-29 15:49:15,693 - DEBUG - Provider `faker.providers.internet` has been localized to `en_US`.
2023-12-29 15:49:15,693 - DEBUG - Provider `faker.providers.isbn` does not feature localization. Specified locale `en_US` is not utilized for this provider.
2023-12-29 15:49:15,693 - DEBUG - Looking for locale `en_US` in provider `faker.providers.job`.
2023-12-29 15:49:15,694 - DEBUG - Provider `faker.providers.job` has been localized to `en_US`.
2023-12-29 15:49:15,694 - DEBUG - Looking for locale `en_US` in provider `faker.providers.lorem`.
2023-12-29 15:49:15,694 - DEBUG - Provider `faker.providers.lorem` has been localized to `en_US`.
2023-12-29 15:49:15,695 - DEBUG - Looking for locale `en_US` in provider `faker.providers.misc`.
2023-12-29 15:49:15,695 - DEBUG - Provider `faker.providers.misc` has been localized to `en_US`.
2023-12-29 15:49:15,696 - DEBUG - Looking for locale `en_US` in provider `faker.providers.passport`.
2023-12-29 15:49:15,696 - DEBUG - Provider `faker.providers.passport` has been localized to `en_US`.
2023-12-29 15:49:15,696 - DEBUG - Looking for locale `en_US` in provider `faker.providers.person`.
2023-12-29 15:49:15,697 - DEBUG - Provider `faker.providers.person` has been localized to `en_US`.
2023-12-29 15:49:15,698 - DEBUG - Looking for locale `en_US` in provider `faker.providers.phone_number`.
2023-12-29 15:49:15,699 - DEBUG - Provider `faker.providers.phone_number` has been localized to `en_US`.
2023-12-29 15:49:15,699 - DEBUG - Provider `faker.providers.profile` does not feature localization. Specified locale `en_US` is not utilized for this provider.
2023-12-29 15:49:15,699 - DEBUG - Provider `faker.providers.python` does not feature localization. Specified locale `en_US` is not utilized for this provider.
2023-12-29 15:49:15,699 - DEBUG - Provider `faker.providers.sbn` does not feature localization. Specified locale `en_US` is not utilized for this provider.
2023-12-29 15:49:15,700 - DEBUG - Looking for locale `en_US` in provider `faker.providers.ssn`.
2023-12-29 15:49:15,700 - DEBUG - Provider `faker.providers.ssn` has been localized to `en_US`.
2023-12-29 15:49:15,701 - DEBUG - Provider `faker.providers.user_agent` does not feature localization. Specified locale `en_US` is not utilized for this provider.
2023-12-29 15:49:15,701 - DEBUG - LazyAttribute: Evaluating <function UserFactory.<lambda> at 0x7f60f7bca550> on <Resolver for <BuildStep for <StepBuilder(<DjangoOptions for UserFactory>, strategy='create')>>>
2023-12-29 15:49:15,701 - DEBUG - LazyAttribute: Evaluating <function UserFactory.<lambda> at 0x7f60f7bda670> on <Resolver for <BuildStep for <StepBuilder(<DjangoOptions for UserFactory>, strategy='create')>>>
2023-12-29 15:49:15,703 - DEBUG - LazyAttribute: Evaluating <function UserFactory.<lambda> at 0x7f60f7bca550> on <Resolver for <BuildStep for <StepBuilder(<DjangoOptions for UserFactory>, strategy='create')>>>
2023-12-29 15:49:15,703 - DEBUG - LazyAttribute: Evaluating <function UserFactory.<lambda> at 0x7f60f7bda670> on <Resolver for <BuildStep for <StepBuilder(<DjangoOptions for UserFactory>, strategy='create')>>>
2023-12-29 15:49:15,909 - DEBUG - PostGeneration: Calling srcs_chat.tests.factories.usersChats(<Chat: Chat object (1)>, <BuildStep for <StepBuilder(<DjangoOptions for ChatFactory>, strategy='create')>>, value_provided=False, value=None, extra={})
2023-12-29 15:49:15,909 - DEBUG - PostGeneration: Calling srcs_chat.tests.factories.create_users(<Chat: Chat object (1)>, <BuildStep for <StepBuilder(<DjangoOptions for ChatFactory>, strategy='create')>>, value_provided=False, value=None, extra={})
2023-12-29 15:49:15,909 - DEBUG - LazyAttribute: Evaluating <function UserFactory.<lambda> at 0x7f60f7bca550> on <Resolver for <BuildStep for <StepBuilder(<DjangoOptions for UserFactory>, strategy='create')>>>
2023-12-29 15:49:15,910 - DEBUG - LazyAttribute: Evaluating <function UserFactory.<lambda> at 0x7f60f7bda670> on <Resolver for <BuildStep for <StepBuilder(<DjangoOptions for UserFactory>, strategy='create')>>>
2023-12-29 15:49:15,912 - DEBUG - LazyAttribute: Evaluating <function UserFactory.<lambda> at 0x7f60f7bca550> on <Resolver for <BuildStep for <StepBuilder(<DjangoOptions for UserFactory>, strategy='create')>>>
2023-12-29 15:49:15,912 - DEBUG - LazyAttribute: Evaluating <function UserFactory.<lambda> at 0x7f60f7bda670> on <Resolver for <BuildStep for <StepBuilder(<DjangoOptions for UserFactory>, strategy='create')>>>
2023-12-29 15:49:16,119 - DEBUG - PostGeneration: Calling srcs_chat.tests.factories.usersChats(<Chat: Chat object (1)>, <BuildStep for <StepBuilder(<DjangoOptions for ChatFactory>, strategy='create')>>, value_provided=False, value=None, extra={})
2023-12-29 15:49:16,119 - DEBUG - PostGeneration: Calling srcs_chat.tests.factories.create_users(<Chat: Chat object (1)>, <BuildStep for <StepBuilder(<DjangoOptions for ChatFactory>, strategy='create')>>, value_provided=False, value=None, extra={})
2023-12-29 15:49:16,119 - DEBUG - LazyAttribute: Evaluating <function UserFactory.<lambda> at 0x7f60f7bca550> on <Resolver for <BuildStep for <StepBuilder(<DjangoOptions for UserFactory>, strategy='create')>>>
2023-12-29 15:49:16,119 - DEBUG - LazyAttribute: Evaluating <function UserFactory.<lambda> at 0x7f60f7bda670> on <Resolver for <BuildStep for <StepBuilder(<DjangoOptions for UserFactory>, strategy='create')>>>
2023-12-29 15:49:16,121 - DEBUG - LazyAttribute: Evaluating <function UserFactory.<lambda> at 0x7f60f7bca550> on <Resolver for <BuildStep for <StepBuilder(<DjangoOptions for UserFactory>, strategy='create')>>>
2023-12-29 15:49:16,121 - DEBUG - LazyAttribute: Evaluating <function UserFactory.<lambda> at 0x7f60f7bda670> on <Resolver for <BuildStep for <StepBuilder(<DjangoOptions for UserFactory>, strategy='create')>>>
2023-12-29 15:49:16,335 - DEBUG - PostGeneration: Calling srcs_chat.tests.factories.usersChats(<Chat: Chat object (1)>, <BuildStep for <StepBuilder(<DjangoOptions for ChatFactory>, strategy='create')>>, value_provided=False, value=None, extra={})
2023-12-29 15:49:16,335 - DEBUG - PostGeneration: Calling srcs_chat.tests.factories.create_users(<Chat: Chat object (1)>, <BuildStep for <StepBuilder(<DjangoOptions for ChatFactory>, strategy='create')>>, value_provided=False, value=None, extra={})
2023-12-29 15:49:16,335 - DEBUG - LazyAttribute: Evaluating <function UserFactory.<lambda> at 0x7f60f7bca550> on <Resolver for <BuildStep for <StepBuilder(<DjangoOptions for UserFactory>, strategy='create')>>>
2023-12-29 15:49:16,336 - DEBUG - LazyAttribute: Evaluating <function UserFactory.<lambda> at 0x7f60f7bda670> on <Resolver for <BuildStep for <StepBuilder(<DjangoOptions for UserFactory>, strategy='create')>>>
2023-12-29 15:49:16,338 - DEBUG - LazyAttribute: Evaluating <function UserFactory.<lambda> at 0x7f60f7bca550> on <Resolver for <BuildStep for <StepBuilder(<DjangoOptions for UserFactory>, strategy='create')>>>
2023-12-29 15:49:16,338 - DEBUG - LazyAttribute: Evaluating <function UserFactory.<lambda> at 0x7f60f7bda670> on <Resolver for <BuildStep for <StepBuilder(<DjangoOptions for UserFactory>, strategy='create')>>>
2023-12-29 15:49:16,344 - DEBUG - LazyAttribute: Evaluating <function UserFactory.<lambda> at 0x7f60f7bca550> on <Resolver for <BuildStep for <StepBuilder(<DjangoOptions for UserFactory>, strategy='create')>>>
2023-12-29 15:49:16,344 - DEBUG - LazyAttribute: Evaluating <function UserFactory.<lambda> at 0x7f60f7bda670> on <Resolver for <BuildStep for <StepBuilder(<DjangoOptions for UserFactory>, strategy='create')>>>
2023-12-29 15:49:16,575 - DEBUG - PostGeneration: Calling srcs_chat.tests.factories.usersChats(<Chat: Chat object (1)>, <BuildStep for <StepBuilder(<DjangoOptions for ChatFactory>, strategy='create')>>, value_provided=False, value=None, extra={})
2023-12-29 15:49:16,575 - DEBUG - PostGeneration: Calling srcs_chat.tests.factories.create_users(<Chat: Chat object (1)>, <BuildStep for <StepBuilder(<DjangoOptions for ChatFactory>, strategy='create')>>, value_provided=False, value=None, extra={})
2023-12-29 15:49:16,575 - DEBUG - LazyAttribute: Evaluating <function UserFactory.<lambda> at 0x7f60f7bca550> on <Resolver for <BuildStep for <StepBuilder(<DjangoOptions for UserFactory>, strategy='create')>>>
2023-12-29 15:49:16,575 - DEBUG - LazyAttribute: Evaluating <function UserFactory.<lambda> at 0x7f60f7bda670> on <Resolver for <BuildStep for <StepBuilder(<DjangoOptions for UserFactory>, strategy='create')>>>
2023-12-29 15:49:16,577 - DEBUG - LazyAttribute: Evaluating <function UserFactory.<lambda> at 0x7f60f7bca550> on <Resolver for <BuildStep for <StepBuilder(<DjangoOptions for UserFactory>, strategy='create')>>>
2023-12-29 15:49:16,577 - DEBUG - LazyAttribute: Evaluating <function UserFactory.<lambda> at 0x7f60f7bda670> on <Resolver for <BuildStep for <StepBuilder(<DjangoOptions for UserFactory>, strategy='create')>>>
2023-12-29 15:49:16,583 - DEBUG - LazyAttribute: Evaluating <function UserFactory.<lambda> at 0x7f60f7bca550> on <Resolver for <BuildStep for <StepBuilder(<DjangoOptions for UserFactory>, strategy='create')>>>
2023-12-29 15:49:16,583 - DEBUG - LazyAttribute: Evaluating <function UserFactory.<lambda> at 0x7f60f7bda670> on <Resolver for <BuildStep for <StepBuilder(<DjangoOptions for UserFactory>, strategy='create')>>>
2023-12-29 15:49:16,584 - DEBUG - LazyAttribute: Evaluating <function UserFactory.<lambda> at 0x7f60f7bca550> on <Resolver for <BuildStep for <StepBuilder(<DjangoOptions for UserFactory>, strategy='create')>>>
2023-12-29 15:49:16,585 - DEBUG - LazyAttribute: Evaluating <function UserFactory.<lambda> at 0x7f60f7bda670> on <Resolver for <BuildStep for <StepBuilder(<DjangoOptions for UserFactory>, strategy='create')>>>
2023-12-29 15:49:16,586 - DEBUG - LazyAttribute: Evaluating <function UserFactory.<lambda> at 0x7f60f7bca550> on <Resolver for <BuildStep for <StepBuilder(<DjangoOptions for UserFactory>, strategy='create')>>>
2023-12-29 15:49:16,586 - DEBUG - LazyAttribute: Evaluating <function UserFactory.<lambda> at 0x7f60f7bda670> on <Resolver for <BuildStep for <StepBuilder(<DjangoOptions for UserFactory>, strategy='create')>>>
2023-12-29 15:49:16,587 - DEBUG - LazyAttribute: Evaluating <function UserFactory.<lambda> at 0x7f60f7bca550> on <Resolver for <BuildStep for <StepBuilder(<DjangoOptions for UserFactory>, strategy='create')>>>
2023-12-29 15:49:16,587 - DEBUG - LazyAttribute: Evaluating <function UserFactory.<lambda> at 0x7f60f7bda670> on <Resolver for <BuildStep for <StepBuilder(<DjangoOptions for UserFactory>, strategy='create')>>>
2023-12-29 15:49:16,589 - DEBUG - LazyAttribute: Evaluating <function UserFactory.<lambda> at 0x7f60f7bca550> on <Resolver for <BuildStep for <StepBuilder(<DjangoOptions for UserFactory>, strategy='create')>>>
2023-12-29 15:49:16,589 - DEBUG - LazyAttribute: Evaluating <function UserFactory.<lambda> at 0x7f60f7bda670> on <Resolver for <BuildStep for <StepBuilder(<DjangoOptions for UserFactory>, strategy='create')>>>
2023-12-29 15:49:16,822 - DEBUG - PostGeneration: Calling srcs_chat.tests.factories.usersChats(<Chat: Chat object (1)>, <BuildStep for <StepBuilder(<DjangoOptions for ChatFactory>, strategy='create')>>, value_provided=False, value=None, extra={})
2023-12-29 15:49:16,822 - DEBUG - PostGeneration: Calling srcs_chat.tests.factories.create_users(<Chat: Chat object (1)>, <BuildStep for <StepBuilder(<DjangoOptions for ChatFactory>, strategy='create')>>, value_provided=False, value=None, extra={})
2023-12-29 15:49:16,822 - DEBUG - LazyAttribute: Evaluating <function UserFactory.<lambda> at 0x7f60f7bca550> on <Resolver for <BuildStep for <StepBuilder(<DjangoOptions for UserFactory>, strategy='create')>>>
2023-12-29 15:49:16,822 - DEBUG - LazyAttribute: Evaluating <function UserFactory.<lambda> at 0x7f60f7bda670> on <Resolver for <BuildStep for <StepBuilder(<DjangoOptions for UserFactory>, strategy='create')>>>
2023-12-29 15:49:16,824 - DEBUG - LazyAttribute: Evaluating <function UserFactory.<lambda> at 0x7f60f7bca550> on <Resolver for <BuildStep for <StepBuilder(<DjangoOptions for UserFactory>, strategy='create')>>>
2023-12-29 15:49:16,824 - DEBUG - LazyAttribute: Evaluating <function UserFactory.<lambda> at 0x7f60f7bda670> on <Resolver for <BuildStep for <StepBuilder(<DjangoOptions for UserFactory>, strategy='create')>>>
